e:\baremetalhypervisor\mybmhdriver\mybmhdriver\x64\debug\vc142.pdb
e:\baremetalhypervisor\mybmhdriver\mybmhdriver\x64\debug\bmhdriver.obj
e:\baremetalhypervisor\mybmhdriver\mybmhdriver\x64\debug\vmx.obj
e:\baremetalhypervisor\mybmhdriver\mybmhdriver\x64\debug\memory.obj
e:\baremetalhypervisor\mybmhdriver\mybmhdriver\x64\debug\logicalprocessor.obj
e:\baremetalhypervisor\mybmhdriver\mybmhdriver\x64\debug\ept.obj
e:\baremetalhypervisor\mybmhdriver\x64\debug\mybmhdriver.sys
e:\baremetalhypervisor\mybmhdriver\x64\debug\mybmhdriver.pdb
e:\baremetalhypervisor\mybmhdriver\mybmhdriver\x64\debug\assembly.obj
e:\baremetalhypervisor\mybmhdriver\x64\debug\mybmhdriver\mybmhdriver.cat
e:\baremetalhypervisor\mybmhdriver\mybmhdriver\x64\debug\mybmhdriver.inf
e:\baremetalhypervisor\mybmhdriver\mybmhdriver\x64\debug\source.obj
e:\baremetalhypervisor\mybmhdriver\mybmhdriver\x64\debug\mybmhdriver.tlog\cl.command.1.tlog
e:\baremetalhypervisor\mybmhdriver\mybmhdriver\x64\debug\mybmhdriver.tlog\cl.read.1.tlog
e:\baremetalhypervisor\mybmhdriver\mybmhdriver\x64\debug\mybmhdriver.tlog\cl.write.1.tlog
e:\baremetalhypervisor\mybmhdriver\mybmhdriver\x64\debug\mybmhdriver.tlog\inf2cat-expand.10236.read.1.tlog
e:\baremetalhypervisor\mybmhdriver\mybmhdriver\x64\debug\mybmhdriver.tlog\inf2cat-expand.10236.write.1.tlog
e:\baremetalhypervisor\mybmhdriver\mybmhdriver\x64\debug\mybmhdriver.tlog\inf2cat-expand.10280.read.1.tlog
e:\baremetalhypervisor\mybmhdriver\mybmhdriver\x64\debug\mybmhdriver.tlog\inf2cat-expand.10280.write.1.tlog
e:\baremetalhypervisor\mybmhdriver\mybmhdriver\x64\debug\mybmhdriver.tlog\inf2cat-expand.10864.read.1.tlog
e:\baremetalhypervisor\mybmhdriver\mybmhdriver\x64\debug\mybmhdriver.tlog\inf2cat-expand.10864.write.1.tlog
e:\baremetalhypervisor\mybmhdriver\mybmhdriver\x64\debug\mybmhdriver.tlog\inf2cat-expand.11016.read.1.tlog
e:\baremetalhypervisor\mybmhdriver\mybmhdriver\x64\debug\mybmhdriver.tlog\inf2cat-expand.11016.write.1.tlog
e:\baremetalhypervisor\mybmhdriver\mybmhdriver\x64\debug\mybmhdriver.tlog\inf2cat-expand.11792.read.1.tlog
e:\baremetalhypervisor\mybmhdriver\mybmhdriver\x64\debug\mybmhdriver.tlog\inf2cat-expand.11792.write.1.tlog
e:\baremetalhypervisor\mybmhdriver\mybmhdriver\x64\debug\mybmhdriver.tlog\inf2cat-expand.12220.read.1.tlog
e:\baremetalhypervisor\mybmhdriver\mybmhdriver\x64\debug\mybmhdriver.tlog\inf2cat-expand.12220.write.1.tlog
e:\baremetalhypervisor\mybmhdriver\mybmhdriver\x64\debug\mybmhdriver.tlog\inf2cat-expand.12264.read.1.tlog
e:\baremetalhypervisor\mybmhdriver\mybmhdriver\x64\debug\mybmhdriver.tlog\inf2cat-expand.12264.write.1.tlog
e:\baremetalhypervisor\mybmhdriver\mybmhdriver\x64\debug\mybmhdriver.tlog\inf2cat-expand.12292.read.1.tlog
e:\baremetalhypervisor\mybmhdriver\mybmhdriver\x64\debug\mybmhdriver.tlog\inf2cat-expand.12292.write.1.tlog
e:\baremetalhypervisor\mybmhdriver\mybmhdriver\x64\debug\mybmhdriver.tlog\inf2cat-expand.12380.read.1.tlog
e:\baremetalhypervisor\mybmhdriver\mybmhdriver\x64\debug\mybmhdriver.tlog\inf2cat-expand.12380.write.1.tlog
e:\baremetalhypervisor\mybmhdriver\mybmhdriver\x64\debug\mybmhdriver.tlog\inf2cat-expand.12628.read.1.tlog
e:\baremetalhypervisor\mybmhdriver\mybmhdriver\x64\debug\mybmhdriver.tlog\inf2cat-expand.12628.write.1.tlog
e:\baremetalhypervisor\mybmhdriver\mybmhdriver\x64\debug\mybmhdriver.tlog\inf2cat-expand.12884.read.1.tlog
e:\baremetalhypervisor\mybmhdriver\mybmhdriver\x64\debug\mybmhdriver.tlog\inf2cat-expand.12884.write.1.tlog
e:\baremetalhypervisor\mybmhdriver\mybmhdriver\x64\debug\mybmhdriver.tlog\inf2cat-expand.12920.read.1.tlog
e:\baremetalhypervisor\mybmhdriver\mybmhdriver\x64\debug\mybmhdriver.tlog\inf2cat-expand.12920.write.1.tlog
e:\baremetalhypervisor\mybmhdriver\mybmhdriver\x64\debug\mybmhdriver.tlog\inf2cat-expand.13000.read.1.tlog
e:\baremetalhypervisor\mybmhdriver\mybmhdriver\x64\debug\mybmhdriver.tlog\inf2cat-expand.13000.write.1.tlog
e:\baremetalhypervisor\mybmhdriver\mybmhdriver\x64\debug\mybmhdriver.tlog\inf2cat-expand.13600.read.1.tlog
e:\baremetalhypervisor\mybmhdriver\mybmhdriver\x64\debug\mybmhdriver.tlog\inf2cat-expand.13600.write.1.tlog
e:\baremetalhypervisor\mybmhdriver\mybmhdriver\x64\debug\mybmhdriver.tlog\inf2cat-expand.13968.read.1.tlog
e:\baremetalhypervisor\mybmhdriver\mybmhdriver\x64\debug\mybmhdriver.tlog\inf2cat-expand.13968.write.1.tlog
e:\baremetalhypervisor\mybmhdriver\mybmhdriver\x64\debug\mybmhdriver.tlog\inf2cat-expand.14368.read.1.tlog
e:\baremetalhypervisor\mybmhdriver\mybmhdriver\x64\debug\mybmhdriver.tlog\inf2cat-expand.14368.write.1.tlog
e:\baremetalhypervisor\mybmhdriver\mybmhdriver\x64\debug\mybmhdriver.tlog\inf2cat-expand.14380.read.1.tlog
e:\baremetalhypervisor\mybmhdriver\mybmhdriver\x64\debug\mybmhdriver.tlog\inf2cat-expand.14380.write.1.tlog
e:\baremetalhypervisor\mybmhdriver\mybmhdriver\x64\debug\mybmhdriver.tlog\inf2cat-expand.14452.read.1.tlog
e:\baremetalhypervisor\mybmhdriver\mybmhdriver\x64\debug\mybmhdriver.tlog\inf2cat-expand.14452.write.1.tlog
e:\baremetalhypervisor\mybmhdriver\mybmhdriver\x64\debug\mybmhdriver.tlog\inf2cat-expand.14996.read.1.tlog
e:\baremetalhypervisor\mybmhdriver\mybmhdriver\x64\debug\mybmhdriver.tlog\inf2cat-expand.14996.write.1.tlog
e:\baremetalhypervisor\mybmhdriver\mybmhdriver\x64\debug\mybmhdriver.tlog\inf2cat-expand.15224.read.1.tlog
e:\baremetalhypervisor\mybmhdriver\mybmhdriver\x64\debug\mybmhdriver.tlog\inf2cat-expand.15224.write.1.tlog
e:\baremetalhypervisor\mybmhdriver\mybmhdriver\x64\debug\mybmhdriver.tlog\inf2cat-expand.15296.read.1.tlog
e:\baremetalhypervisor\mybmhdriver\mybmhdriver\x64\debug\mybmhdriver.tlog\inf2cat-expand.15296.write.1.tlog
e:\baremetalhypervisor\mybmhdriver\mybmhdriver\x64\debug\mybmhdriver.tlog\inf2cat-expand.15324.read.1.tlog
e:\baremetalhypervisor\mybmhdriver\mybmhdriver\x64\debug\mybmhdriver.tlog\inf2cat-expand.15324.write.1.tlog
e:\baremetalhypervisor\mybmhdriver\mybmhdriver\x64\debug\mybmhdriver.tlog\inf2cat-expand.15396.read.1.tlog
e:\baremetalhypervisor\mybmhdriver\mybmhdriver\x64\debug\mybmhdriver.tlog\inf2cat-expand.15396.write.1.tlog
e:\baremetalhypervisor\mybmhdriver\mybmhdriver\x64\debug\mybmhdriver.tlog\inf2cat-expand.15628.read.1.tlog
e:\baremetalhypervisor\mybmhdriver\mybmhdriver\x64\debug\mybmhdriver.tlog\inf2cat-expand.15628.write.1.tlog
e:\baremetalhypervisor\mybmhdriver\mybmhdriver\x64\debug\mybmhdriver.tlog\inf2cat-expand.15684.read.1.tlog
e:\baremetalhypervisor\mybmhdriver\mybmhdriver\x64\debug\mybmhdriver.tlog\inf2cat-expand.15684.write.1.tlog
e:\baremetalhypervisor\mybmhdriver\mybmhdriver\x64\debug\mybmhdriver.tlog\inf2cat-expand.15728.read.1.tlog
e:\baremetalhypervisor\mybmhdriver\mybmhdriver\x64\debug\mybmhdriver.tlog\inf2cat-expand.15728.write.1.tlog
e:\baremetalhypervisor\mybmhdriver\mybmhdriver\x64\debug\mybmhdriver.tlog\inf2cat-expand.15780.read.1.tlog
e:\baremetalhypervisor\mybmhdriver\mybmhdriver\x64\debug\mybmhdriver.tlog\inf2cat-expand.15780.write.1.tlog
e:\baremetalhypervisor\mybmhdriver\mybmhdriver\x64\debug\mybmhdriver.tlog\inf2cat-expand.15836.read.1.tlog
e:\baremetalhypervisor\mybmhdriver\mybmhdriver\x64\debug\mybmhdriver.tlog\inf2cat-expand.15836.write.1.tlog
e:\baremetalhypervisor\mybmhdriver\mybmhdriver\x64\debug\mybmhdriver.tlog\inf2cat-expand.15872.read.1.tlog
e:\baremetalhypervisor\mybmhdriver\mybmhdriver\x64\debug\mybmhdriver.tlog\inf2cat-expand.15872.write.1.tlog
e:\baremetalhypervisor\mybmhdriver\mybmhdriver\x64\debug\mybmhdriver.tlog\inf2cat-expand.15968.read.1.tlog
e:\baremetalhypervisor\mybmhdriver\mybmhdriver\x64\debug\mybmhdriver.tlog\inf2cat-expand.15968.write.1.tlog
e:\baremetalhypervisor\mybmhdriver\mybmhdriver\x64\debug\mybmhdriver.tlog\inf2cat-expand.16188.read.1.tlog
e:\baremetalhypervisor\mybmhdriver\mybmhdriver\x64\debug\mybmhdriver.tlog\inf2cat-expand.16188.write.1.tlog
e:\baremetalhypervisor\mybmhdriver\mybmhdriver\x64\debug\mybmhdriver.tlog\inf2cat-expand.16344.read.1.tlog
e:\baremetalhypervisor\mybmhdriver\mybmhdriver\x64\debug\mybmhdriver.tlog\inf2cat-expand.16344.write.1.tlog
e:\baremetalhypervisor\mybmhdriver\mybmhdriver\x64\debug\mybmhdriver.tlog\inf2cat-expand.16496.read.1.tlog
e:\baremetalhypervisor\mybmhdriver\mybmhdriver\x64\debug\mybmhdriver.tlog\inf2cat-expand.16496.write.1.tlog
e:\baremetalhypervisor\mybmhdriver\mybmhdriver\x64\debug\mybmhdriver.tlog\inf2cat-expand.16732.read.1.tlog
e:\baremetalhypervisor\mybmhdriver\mybmhdriver\x64\debug\mybmhdriver.tlog\inf2cat-expand.16732.write.1.tlog
e:\baremetalhypervisor\mybmhdriver\mybmhdriver\x64\debug\mybmhdriver.tlog\inf2cat-expand.17000.read.1.tlog
e:\baremetalhypervisor\mybmhdriver\mybmhdriver\x64\debug\mybmhdriver.tlog\inf2cat-expand.17000.write.1.tlog
e:\baremetalhypervisor\mybmhdriver\mybmhdriver\x64\debug\mybmhdriver.tlog\inf2cat-expand.17016.read.1.tlog
e:\baremetalhypervisor\mybmhdriver\mybmhdriver\x64\debug\mybmhdriver.tlog\inf2cat-expand.17016.write.1.tlog
e:\baremetalhypervisor\mybmhdriver\mybmhdriver\x64\debug\mybmhdriver.tlog\inf2cat-expand.17172.read.1.tlog
e:\baremetalhypervisor\mybmhdriver\mybmhdriver\x64\debug\mybmhdriver.tlog\inf2cat-expand.17172.write.1.tlog
e:\baremetalhypervisor\mybmhdriver\mybmhdriver\x64\debug\mybmhdriver.tlog\inf2cat-expand.17300.read.1.tlog
e:\baremetalhypervisor\mybmhdriver\mybmhdriver\x64\debug\mybmhdriver.tlog\inf2cat-expand.17300.write.1.tlog
e:\baremetalhypervisor\mybmhdriver\mybmhdriver\x64\debug\mybmhdriver.tlog\inf2cat-expand.17684.read.1.tlog
e:\baremetalhypervisor\mybmhdriver\mybmhdriver\x64\debug\mybmhdriver.tlog\inf2cat-expand.17684.write.1.tlog
e:\baremetalhypervisor\mybmhdriver\mybmhdriver\x64\debug\mybmhdriver.tlog\inf2cat-expand.1824.read.1.tlog
e:\baremetalhypervisor\mybmhdriver\mybmhdriver\x64\debug\mybmhdriver.tlog\inf2cat-expand.1824.write.1.tlog
e:\baremetalhypervisor\mybmhdriver\mybmhdriver\x64\debug\mybmhdriver.tlog\inf2cat-expand.18540.read.1.tlog
e:\baremetalhypervisor\mybmhdriver\mybmhdriver\x64\debug\mybmhdriver.tlog\inf2cat-expand.18540.write.1.tlog
e:\baremetalhypervisor\mybmhdriver\mybmhdriver\x64\debug\mybmhdriver.tlog\inf2cat-expand.18580.read.1.tlog
e:\baremetalhypervisor\mybmhdriver\mybmhdriver\x64\debug\mybmhdriver.tlog\inf2cat-expand.18580.write.1.tlog
e:\baremetalhypervisor\mybmhdriver\mybmhdriver\x64\debug\mybmhdriver.tlog\inf2cat-expand.18888.read.1.tlog
e:\baremetalhypervisor\mybmhdriver\mybmhdriver\x64\debug\mybmhdriver.tlog\inf2cat-expand.18888.write.1.tlog
e:\baremetalhypervisor\mybmhdriver\mybmhdriver\x64\debug\mybmhdriver.tlog\inf2cat-expand.18996.read.1.tlog
e:\baremetalhypervisor\mybmhdriver\mybmhdriver\x64\debug\mybmhdriver.tlog\inf2cat-expand.18996.write.1.tlog
e:\baremetalhypervisor\mybmhdriver\mybmhdriver\x64\debug\mybmhdriver.tlog\inf2cat-expand.19460.read.1.tlog
e:\baremetalhypervisor\mybmhdriver\mybmhdriver\x64\debug\mybmhdriver.tlog\inf2cat-expand.19460.write.1.tlog
e:\baremetalhypervisor\mybmhdriver\mybmhdriver\x64\debug\mybmhdriver.tlog\inf2cat-expand.19744.read.1.tlog
e:\baremetalhypervisor\mybmhdriver\mybmhdriver\x64\debug\mybmhdriver.tlog\inf2cat-expand.19744.write.1.tlog
e:\baremetalhypervisor\mybmhdriver\mybmhdriver\x64\debug\mybmhdriver.tlog\inf2cat-expand.20004.read.1.tlog
e:\baremetalhypervisor\mybmhdriver\mybmhdriver\x64\debug\mybmhdriver.tlog\inf2cat-expand.20004.write.1.tlog
e:\baremetalhypervisor\mybmhdriver\mybmhdriver\x64\debug\mybmhdriver.tlog\inf2cat-expand.20168.read.1.tlog
e:\baremetalhypervisor\mybmhdriver\mybmhdriver\x64\debug\mybmhdriver.tlog\inf2cat-expand.20168.write.1.tlog
e:\baremetalhypervisor\mybmhdriver\mybmhdriver\x64\debug\mybmhdriver.tlog\inf2cat-expand.20796.read.1.tlog
e:\baremetalhypervisor\mybmhdriver\mybmhdriver\x64\debug\mybmhdriver.tlog\inf2cat-expand.20796.write.1.tlog
e:\baremetalhypervisor\mybmhdriver\mybmhdriver\x64\debug\mybmhdriver.tlog\inf2cat-expand.20972.read.1.tlog
e:\baremetalhypervisor\mybmhdriver\mybmhdriver\x64\debug\mybmhdriver.tlog\inf2cat-expand.20972.write.1.tlog
e:\baremetalhypervisor\mybmhdriver\mybmhdriver\x64\debug\mybmhdriver.tlog\inf2cat-expand.2152.read.1.tlog
e:\baremetalhypervisor\mybmhdriver\mybmhdriver\x64\debug\mybmhdriver.tlog\inf2cat-expand.2152.write.1.tlog
e:\baremetalhypervisor\mybmhdriver\mybmhdriver\x64\debug\mybmhdriver.tlog\inf2cat-expand.21972.read.1.tlog
e:\baremetalhypervisor\mybmhdriver\mybmhdriver\x64\debug\mybmhdriver.tlog\inf2cat-expand.21972.write.1.tlog
e:\baremetalhypervisor\mybmhdriver\mybmhdriver\x64\debug\mybmhdriver.tlog\inf2cat-expand.2280.read.1.tlog
e:\baremetalhypervisor\mybmhdriver\mybmhdriver\x64\debug\mybmhdriver.tlog\inf2cat-expand.2280.write.1.tlog
e:\baremetalhypervisor\mybmhdriver\mybmhdriver\x64\debug\mybmhdriver.tlog\inf2cat-expand.23084.read.1.tlog
e:\baremetalhypervisor\mybmhdriver\mybmhdriver\x64\debug\mybmhdriver.tlog\inf2cat-expand.23084.write.1.tlog
e:\baremetalhypervisor\mybmhdriver\mybmhdriver\x64\debug\mybmhdriver.tlog\inf2cat-expand.23108.read.1.tlog
e:\baremetalhypervisor\mybmhdriver\mybmhdriver\x64\debug\mybmhdriver.tlog\inf2cat-expand.23108.write.1.tlog
e:\baremetalhypervisor\mybmhdriver\mybmhdriver\x64\debug\mybmhdriver.tlog\inf2cat-expand.23340.read.1.tlog
e:\baremetalhypervisor\mybmhdriver\mybmhdriver\x64\debug\mybmhdriver.tlog\inf2cat-expand.23340.write.1.tlog
e:\baremetalhypervisor\mybmhdriver\mybmhdriver\x64\debug\mybmhdriver.tlog\inf2cat-expand.23484.read.1.tlog
e:\baremetalhypervisor\mybmhdriver\mybmhdriver\x64\debug\mybmhdriver.tlog\inf2cat-expand.23484.write.1.tlog
e:\baremetalhypervisor\mybmhdriver\mybmhdriver\x64\debug\mybmhdriver.tlog\inf2cat-expand.2380.read.1.tlog
e:\baremetalhypervisor\mybmhdriver\mybmhdriver\x64\debug\mybmhdriver.tlog\inf2cat-expand.2380.write.1.tlog
e:\baremetalhypervisor\mybmhdriver\mybmhdriver\x64\debug\mybmhdriver.tlog\inf2cat-expand.2520.read.1.tlog
e:\baremetalhypervisor\mybmhdriver\mybmhdriver\x64\debug\mybmhdriver.tlog\inf2cat-expand.2520.write.1.tlog
e:\baremetalhypervisor\mybmhdriver\mybmhdriver\x64\debug\mybmhdriver.tlog\inf2cat-expand.2952.read.1.tlog
e:\baremetalhypervisor\mybmhdriver\mybmhdriver\x64\debug\mybmhdriver.tlog\inf2cat-expand.2952.write.1.tlog
e:\baremetalhypervisor\mybmhdriver\mybmhdriver\x64\debug\mybmhdriver.tlog\inf2cat-expand.3124.read.1.tlog
e:\baremetalhypervisor\mybmhdriver\mybmhdriver\x64\debug\mybmhdriver.tlog\inf2cat-expand.3124.write.1.tlog
e:\baremetalhypervisor\mybmhdriver\mybmhdriver\x64\debug\mybmhdriver.tlog\inf2cat-expand.3396.read.1.tlog
e:\baremetalhypervisor\mybmhdriver\mybmhdriver\x64\debug\mybmhdriver.tlog\inf2cat-expand.3396.write.1.tlog
e:\baremetalhypervisor\mybmhdriver\mybmhdriver\x64\debug\mybmhdriver.tlog\inf2cat-expand.3400.read.1.tlog
e:\baremetalhypervisor\mybmhdriver\mybmhdriver\x64\debug\mybmhdriver.tlog\inf2cat-expand.3400.write.1.tlog
e:\baremetalhypervisor\mybmhdriver\mybmhdriver\x64\debug\mybmhdriver.tlog\inf2cat-expand.3996.read.1.tlog
e:\baremetalhypervisor\mybmhdriver\mybmhdriver\x64\debug\mybmhdriver.tlog\inf2cat-expand.3996.write.1.tlog
e:\baremetalhypervisor\mybmhdriver\mybmhdriver\x64\debug\mybmhdriver.tlog\inf2cat-expand.5448.read.1.tlog
e:\baremetalhypervisor\mybmhdriver\mybmhdriver\x64\debug\mybmhdriver.tlog\inf2cat-expand.5448.write.1.tlog
e:\baremetalhypervisor\mybmhdriver\mybmhdriver\x64\debug\mybmhdriver.tlog\inf2cat-expand.5548.read.1.tlog
e:\baremetalhypervisor\mybmhdriver\mybmhdriver\x64\debug\mybmhdriver.tlog\inf2cat-expand.5548.write.1.tlog
e:\baremetalhypervisor\mybmhdriver\mybmhdriver\x64\debug\mybmhdriver.tlog\inf2cat-expand.5632.read.1.tlog
e:\baremetalhypervisor\mybmhdriver\mybmhdriver\x64\debug\mybmhdriver.tlog\inf2cat-expand.5632.write.1.tlog
e:\baremetalhypervisor\mybmhdriver\mybmhdriver\x64\debug\mybmhdriver.tlog\inf2cat-expand.5844.read.1.tlog
e:\baremetalhypervisor\mybmhdriver\mybmhdriver\x64\debug\mybmhdriver.tlog\inf2cat-expand.5844.write.1.tlog
e:\baremetalhypervisor\mybmhdriver\mybmhdriver\x64\debug\mybmhdriver.tlog\inf2cat-expand.6376.read.1.tlog
e:\baremetalhypervisor\mybmhdriver\mybmhdriver\x64\debug\mybmhdriver.tlog\inf2cat-expand.6376.write.1.tlog
e:\baremetalhypervisor\mybmhdriver\mybmhdriver\x64\debug\mybmhdriver.tlog\inf2cat-expand.7144.read.1.tlog
e:\baremetalhypervisor\mybmhdriver\mybmhdriver\x64\debug\mybmhdriver.tlog\inf2cat-expand.7144.write.1.tlog
e:\baremetalhypervisor\mybmhdriver\mybmhdriver\x64\debug\mybmhdriver.tlog\inf2cat-expand.7160.read.1.tlog
e:\baremetalhypervisor\mybmhdriver\mybmhdriver\x64\debug\mybmhdriver.tlog\inf2cat-expand.7160.write.1.tlog
e:\baremetalhypervisor\mybmhdriver\mybmhdriver\x64\debug\mybmhdriver.tlog\inf2cat-expand.7684.read.1.tlog
e:\baremetalhypervisor\mybmhdriver\mybmhdriver\x64\debug\mybmhdriver.tlog\inf2cat-expand.7684.write.1.tlog
e:\baremetalhypervisor\mybmhdriver\mybmhdriver\x64\debug\mybmhdriver.tlog\inf2cat-expand.7800.read.1.tlog
e:\baremetalhypervisor\mybmhdriver\mybmhdriver\x64\debug\mybmhdriver.tlog\inf2cat-expand.7800.write.1.tlog
e:\baremetalhypervisor\mybmhdriver\mybmhdriver\x64\debug\mybmhdriver.tlog\inf2cat-expand.7936.read.1.tlog
e:\baremetalhypervisor\mybmhdriver\mybmhdriver\x64\debug\mybmhdriver.tlog\inf2cat-expand.7936.write.1.tlog
e:\baremetalhypervisor\mybmhdriver\mybmhdriver\x64\debug\mybmhdriver.tlog\inf2cat-expand.7944.read.1.tlog
e:\baremetalhypervisor\mybmhdriver\mybmhdriver\x64\debug\mybmhdriver.tlog\inf2cat-expand.7944.write.1.tlog
e:\baremetalhypervisor\mybmhdriver\mybmhdriver\x64\debug\mybmhdriver.tlog\inf2cat-expand.7968.read.1.tlog
e:\baremetalhypervisor\mybmhdriver\mybmhdriver\x64\debug\mybmhdriver.tlog\inf2cat-expand.7968.write.1.tlog
e:\baremetalhypervisor\mybmhdriver\mybmhdriver\x64\debug\mybmhdriver.tlog\inf2cat-expand.8184.read.1.tlog
e:\baremetalhypervisor\mybmhdriver\mybmhdriver\x64\debug\mybmhdriver.tlog\inf2cat-expand.8184.write.1.tlog
e:\baremetalhypervisor\mybmhdriver\mybmhdriver\x64\debug\mybmhdriver.tlog\inf2cat-expand.8252.read.1.tlog
e:\baremetalhypervisor\mybmhdriver\mybmhdriver\x64\debug\mybmhdriver.tlog\inf2cat-expand.8252.write.1.tlog
e:\baremetalhypervisor\mybmhdriver\mybmhdriver\x64\debug\mybmhdriver.tlog\inf2cat-expand.8528.read.1.tlog
e:\baremetalhypervisor\mybmhdriver\mybmhdriver\x64\debug\mybmhdriver.tlog\inf2cat-expand.8528.write.1.tlog
e:\baremetalhypervisor\mybmhdriver\mybmhdriver\x64\debug\mybmhdriver.tlog\inf2cat-expand.9076.read.1.tlog
e:\baremetalhypervisor\mybmhdriver\mybmhdriver\x64\debug\mybmhdriver.tlog\inf2cat-expand.9076.write.1.tlog
e:\baremetalhypervisor\mybmhdriver\mybmhdriver\x64\debug\mybmhdriver.tlog\inf2cat-expand.9204.read.1.tlog
e:\baremetalhypervisor\mybmhdriver\mybmhdriver\x64\debug\mybmhdriver.tlog\inf2cat-expand.9204.write.1.tlog
e:\baremetalhypervisor\mybmhdriver\mybmhdriver\x64\debug\mybmhdriver.tlog\inf2cat-expand.9308.read.1.tlog
e:\baremetalhypervisor\mybmhdriver\mybmhdriver\x64\debug\mybmhdriver.tlog\inf2cat-expand.9308.write.1.tlog
e:\baremetalhypervisor\mybmhdriver\mybmhdriver\x64\debug\mybmhdriver.tlog\inf2cat-expand.9312.read.1.tlog
e:\baremetalhypervisor\mybmhdriver\mybmhdriver\x64\debug\mybmhdriver.tlog\inf2cat-expand.9312.write.1.tlog
e:\baremetalhypervisor\mybmhdriver\mybmhdriver\x64\debug\mybmhdriver.tlog\inf2cat-expand.9372.read.1.tlog
e:\baremetalhypervisor\mybmhdriver\mybmhdriver\x64\debug\mybmhdriver.tlog\inf2cat-expand.9372.write.1.tlog
e:\baremetalhypervisor\mybmhdriver\mybmhdriver\x64\debug\mybmhdriver.tlog\inf2cat-expand.9776.read.1.tlog
e:\baremetalhypervisor\mybmhdriver\mybmhdriver\x64\debug\mybmhdriver.tlog\inf2cat-expand.9776.write.1.tlog
e:\baremetalhypervisor\mybmhdriver\mybmhdriver\x64\debug\mybmhdriver.tlog\inf2cat-expand.read.1.tlog
e:\baremetalhypervisor\mybmhdriver\mybmhdriver\x64\debug\mybmhdriver.tlog\inf2cat-expand.write.1.tlog
e:\baremetalhypervisor\mybmhdriver\mybmhdriver\x64\debug\mybmhdriver.tlog\inf2cat.command.1.tlog
e:\baremetalhypervisor\mybmhdriver\mybmhdriver\x64\debug\mybmhdriver.tlog\inf2cat.read.8.tlog
e:\baremetalhypervisor\mybmhdriver\mybmhdriver\x64\debug\mybmhdriver.tlog\inf2cat.write.8.tlog
e:\baremetalhypervisor\mybmhdriver\mybmhdriver\x64\debug\mybmhdriver.tlog\link.command.1.tlog
e:\baremetalhypervisor\mybmhdriver\mybmhdriver\x64\debug\mybmhdriver.tlog\link.read.1.tlog
e:\baremetalhypervisor\mybmhdriver\mybmhdriver\x64\debug\mybmhdriver.tlog\link.write.1.tlog
e:\baremetalhypervisor\mybmhdriver\mybmhdriver\x64\debug\mybmhdriver.tlog\masm.read.1u.tlog
e:\baremetalhypervisor\mybmhdriver\mybmhdriver\x64\debug\mybmhdriver.tlog\masm.write.1u.tlog
e:\baremetalhypervisor\mybmhdriver\mybmhdriver\x64\debug\mybmhdriver.tlog\signtool.command.1.tlog
e:\baremetalhypervisor\mybmhdriver\mybmhdriver\x64\debug\mybmhdriver.tlog\signtool.read.1.tlog
e:\baremetalhypervisor\mybmhdriver\mybmhdriver\x64\debug\mybmhdriver.tlog\signtool.timestamp.1.tlog
e:\baremetalhypervisor\mybmhdriver\mybmhdriver\x64\debug\mybmhdriver.tlog\signtool.write.1.tlog
e:\baremetalhypervisor\mybmhdriver\mybmhdriver\x64\debug\mybmhdriver.tlog\stampinf.command.1.tlog
e:\baremetalhypervisor\mybmhdriver\mybmhdriver\x64\debug\mybmhdriver.tlog\stampinf.read.1.tlog
e:\baremetalhypervisor\mybmhdriver\mybmhdriver\x64\debug\mybmhdriver.tlog\stampinf.write.1.tlog
