E:\BareMetalHypervisor\myBMHDriver\myBMHDriver\myBMHDriver.vcxproj(113,5): warning MSB4011: "C:\Program Files (x86)\Microsoft Visual Studio\2019\Community\MSBuild\Microsoft\VC\v160\BuildCustomizations\masm.props" cannot be imported again. It was already imported at "C:\Program Files (x86)\Windows Kits\10\build\WindowsDriver.Shared.props (352,3)". This is most likely a build authoring error. This subsequent import will be ignored. 
E:\BareMetalHypervisor\myBMHDriver\myBMHDriver\myBMHDriver.vcxproj(169,5): warning MSB4011: "C:\Program Files (x86)\Microsoft Visual Studio\2019\Community\MSBuild\Microsoft\VC\v160\BuildCustomizations\masm.targets" cannot be imported again. It was already imported at "C:\Program Files (x86)\Windows Kits\10\build\WindowsDriver.common.targets (1878,3)". This is most likely a build authoring error. This subsequent import will be ignored. 
  Building 'myBMHDriver' with toolset 'WindowsKernelModeDriver10.0' and the 'Desktop' target platform.
  Stamping x64\Debug\myBMHDriver.inf
  Stamping [Version] section with DriverVer=10/16/2021,15.25.50.854
  Source.c
  myBMHDriver.vcxproj -> E:\BareMetalHypervisor\myBMHDriver\x64\Debug\myBMHDriver.sys
E:\BareMetalHypervisor\myBMHDriver\myBMHDriver\myBMHDriver.vcxproj(113,5): warning MSB4011: "C:\Program Files (x86)\Microsoft Visual Studio\2019\Community\MSBuild\Microsoft\VC\v160\BuildCustomizations\masm.props" cannot be imported again. It was already imported at "C:\Program Files (x86)\Windows Kits\10\build\WindowsDriver.Shared.props (352,3)". This is most likely a build authoring error. This subsequent import will be ignored. 
E:\BareMetalHypervisor\myBMHDriver\myBMHDriver\myBMHDriver.vcxproj(169,5): warning MSB4011: "C:\Program Files (x86)\Microsoft Visual Studio\2019\Community\MSBuild\Microsoft\VC\v160\BuildCustomizations\masm.targets" cannot be imported again. It was already imported at "C:\Program Files (x86)\Windows Kits\10\build\WindowsDriver.common.targets (1878,3)". This is most likely a build authoring error. This subsequent import will be ignored. 
  Done Adding Additional Store
  Successfully signed: E:\BareMetalHypervisor\myBMHDriver\x64\Debug\myBMHDriver.sys
  
  ..........................
  Signability test complete.
  
  Errors:
  None
  
  Warnings:
  None
  
  Catalog generation complete.
  E:\BareMetalHypervisor\myBMHDriver\x64\Debug\myBMHDriver\mybmhdriver.cat
E:\BareMetalHypervisor\myBMHDriver\myBMHDriver\myBMHDriver.vcxproj(113,5): warning MSB4011: "C:\Program Files (x86)\Microsoft Visual Studio\2019\Community\MSBuild\Microsoft\VC\v160\BuildCustomizations\masm.props" cannot be imported again. It was already imported at "C:\Program Files (x86)\Windows Kits\10\build\WindowsDriver.Shared.props (352,3)". This is most likely a build authoring error. This subsequent import will be ignored. 
E:\BareMetalHypervisor\myBMHDriver\myBMHDriver\myBMHDriver.vcxproj(169,5): warning MSB4011: "C:\Program Files (x86)\Microsoft Visual Studio\2019\Community\MSBuild\Microsoft\VC\v160\BuildCustomizations\masm.targets" cannot be imported again. It was already imported at "C:\Program Files (x86)\Windows Kits\10\build\WindowsDriver.common.targets (1878,3)". This is most likely a build authoring error. This subsequent import will be ignored. 
  Done Adding Additional Store
  Successfully signed: E:\BareMetalHypervisor\myBMHDriver\x64\Debug\myBMHDriver\mybmhdriver.cat
  
